<?xml version="1.0" encoding="UTF-8"?>
<!-- Generated by org.testng.reporters.JUnitReportReporter -->
<testsuite skipped="0" hostname="BDC6-LX-JXGM2X2" name="rough.testRetry" tests="1" failures="0" timestamp="15 Nov 2020 06:05:08 GMT" time="0.015" errors="0">
  <testcase name="Test2" time="0.015" classname="rough.testRetry"/>
</testsuite> <!-- rough.testRetry -->
